Building DAG of jobs...
Using shell: /usr/bin/bash
Provided cluster nodes: 99
Unlimited resources: mem, time
Job counts:
	count	jobs
	1	bwa_align
	1	calc_coverage
	1	call_snps
	1	core_snps
	1	filter_samples
	1	pileup
	1	snp_consensus
	7

rule bwa_align:
    input: /home/tamburin/fiona/bacteremia/1.assemble_trimmed/filtered_assemblies/B09.fasta, /home/tamburin/fiona/bacteremia/1.assemble_trimmed/filtered_assemblies/B09.fasta.amb, /home/tamburin/fiona/bacteremia/1.assemble_trimmed/filtered_assemblies/B09.fasta.ann, /home/tamburin/fiona/bacteremia/1.assemble_trimmed/filtered_assemblies/B09.fasta.bwt, /home/tamburin/fiona/bacteremia/1.assemble_trimmed/filtered_assemblies/B09.fasta.pac, /home/tamburin/fiona/bacteremia/1.assemble_trimmed/filtered_assemblies/B09.fasta.sa, input_samples/B09.fq
    output: filtered_bam/B09.filtered.bam
    jobid: 19
    wildcards: sample=B09
    threads: 8
    resources: mem=32, time=6

Submitted job 19 with external jobid '1194226'.
Finished job 19.
1 of 7 steps (14%) done

rule calc_coverage:
    input: filtered_bam/B09.filtered.bam
    output: coverage/B09.cvg
    jobid: 16
    wildcards: sample=B09
    resources: mem=16, time=1

Submitted job 16 with external jobid '1194228'.
Finished job 16.
2 of 7 steps (29%) done

rule filter_samples:
    input: coverage/B09.cvg
    output: passed_samples/B09.bam
    jobid: 13
    wildcards: sample=B09
    resources: mem=1, time=1

Submitted job 13 with external jobid '1194235'.
Unable to set utime on symlink passed_samples/B09.bam. Your Python build does not support it.
Finished job 13.
3 of 7 steps (43%) done

rule pileup:
    input: passed_samples/B09.bam, /home/tamburin/fiona/bacteremia/1.assemble_trimmed/filtered_assemblies/B09.fasta, /home/tamburin/fiona/bacteremia/1.assemble_trimmed/filtered_assemblies/B09.fasta.fai
    output: pileup/B09.pileup
    jobid: 9
    wildcards: sample=B09
    resources: mem=32, time=1

Submitted job 9 with external jobid '1194236'.
Finished job 9.
4 of 7 steps (57%) done

rule call_snps:
    input: pileup/B09.pileup
    output: snp_calls/B09.tsv
    jobid: 6
    wildcards: sample=B09
    resources: mem=32, time=2

Submitted job 6 with external jobid '1194237'.
