Building DAG of jobs...
Using shell: /usr/bin/bash
Provided cores: 1
Rules claiming more threads will be scaled down.
Unlimited resources: mem, time
Job counts:
	count	jobs
	2	calc_coverage
	2

rule calc_coverage:
    input: filtered_bam/S82.filtered.bam
    output: coverage/S82.cvg
    jobid: 0
    wildcards: sample=S82
    resources: mem=16, time=1

Finished job 0.
1 of 2 steps (50%) done

rule calc_coverage:
    input: filtered_bam/S100.filtered.bam
    output: coverage/S100.cvg
    jobid: 1
    wildcards: sample=S100
    resources: mem=16, time=1

Finished job 1.
2 of 2 steps (100%) done
Complete log: /srv/gsfs0/projects/bhatt/fiona/bacteremia/strainsifter/.snakemake/log/2018-04-28T144447.887631.snakemake.log
