Building DAG of jobs...
Using shell: /usr/bin/bash
Provided cluster nodes: 99
Unlimited resources: mem, time
Job counts:
	count	jobs
	2	pileup
	2

rule pileup:
    input: filtered_bam/S100.filtered.bam, /home/tamburin/fiona/bacteremia/1.assemble_trimmed/filtered_assemblies/B09.fasta, /home/tamburin/fiona/bacteremia/1.assemble_trimmed/filtered_assemblies/B09.fasta.fai
    output: pileup/S100.pileup
    jobid: 0
    wildcards: sample=S100
    resources: mem=32, time=1

Submitted job 0 with external jobid '1193845'.

rule pileup:
    input: filtered_bam/S82.filtered.bam, /home/tamburin/fiona/bacteremia/1.assemble_trimmed/filtered_assemblies/B09.fasta, /home/tamburin/fiona/bacteremia/1.assemble_trimmed/filtered_assemblies/B09.fasta.fai
    output: pileup/S82.pileup
    jobid: 1
    wildcards: sample=S82
    resources: mem=32, time=1

Submitted job 1 with external jobid '1193846'.
Finished job 0.
1 of 2 steps (50%) done
Terminating processes on user request, this might take some time.
Will exit after finishing currently running jobs.
Complete log: /srv/gsfs0/projects/bhatt/fiona/bacteremia/strainsifter/.snakemake/log/2018-04-28T151923.584044.snakemake.log
