Building DAG of jobs...
Using shell: /usr/bin/bash
Provided cluster nodes: 99
Unlimited resources: time, mem
Job counts:
	count	jobs
	2	bwa_align
	2

rule bwa_align:
    input: /home/tamburin/fiona/bacteremia/1.assemble_trimmed/filtered_assemblies/B09.fasta, /home/tamburin/fiona/bacteremia/1.assemble_trimmed/filtered_assemblies/B09.fasta.amb, /home/tamburin/fiona/bacteremia/1.assemble_trimmed/filtered_assemblies/B09.fasta.ann, /home/tamburin/fiona/bacteremia/1.assemble_trimmed/filtered_assemblies/B09.fasta.bwt, /home/tamburin/fiona/bacteremia/1.assemble_trimmed/filtered_assemblies/B09.fasta.pac, /home/tamburin/fiona/bacteremia/1.assemble_trimmed/filtered_assemblies/B09.fasta.sa, input_samples/S82.fq
    output: filtered_bam/S82.filtered.bam
    jobid: 0
    wildcards: sample=S82
    threads: 8
    resources: mem=32, time=6

Submitted job 0 with external jobid '1193604'.

rule bwa_align:
    input: /home/tamburin/fiona/bacteremia/1.assemble_trimmed/filtered_assemblies/B09.fasta, /home/tamburin/fiona/bacteremia/1.assemble_trimmed/filtered_assemblies/B09.fasta.amb, /home/tamburin/fiona/bacteremia/1.assemble_trimmed/filtered_assemblies/B09.fasta.ann, /home/tamburin/fiona/bacteremia/1.assemble_trimmed/filtered_assemblies/B09.fasta.bwt, /home/tamburin/fiona/bacteremia/1.assemble_trimmed/filtered_assemblies/B09.fasta.pac, /home/tamburin/fiona/bacteremia/1.assemble_trimmed/filtered_assemblies/B09.fasta.sa, input_samples/S100.fq
    output: filtered_bam/S100.filtered.bam
    jobid: 1
    wildcards: sample=S100
    threads: 8
    resources: mem=32, time=6

Submitted job 1 with external jobid '1193605'.
Finished job 1.
1 of 2 steps (50%) done
Finished job 0.
2 of 2 steps (100%) done
Complete log: /srv/gsfs0/projects/bhatt/fiona/bacteremia/strainsifter/.snakemake/log/2018-04-28T141251.749873.snakemake.log
