Building DAG of jobs...
Using shell: /usr/bin/bash
Provided cluster nodes: 99
Unlimited resources: time, mem
Job counts:
	count	jobs
	1	bwa_align
	1

rule bwa_align:
    input: /home/tamburin/fiona/bacteremia/1.assemble_trimmed/filtered_assemblies/B09.fasta, /home/tamburin/fiona/bacteremia/1.assemble_trimmed/filtered_assemblies/B09.fasta.amb, /home/tamburin/fiona/bacteremia/1.assemble_trimmed/filtered_assemblies/B09.fasta.ann, /home/tamburin/fiona/bacteremia/1.assemble_trimmed/filtered_assemblies/B09.fasta.bwt, /home/tamburin/fiona/bacteremia/1.assemble_trimmed/filtered_assemblies/B09.fasta.pac, /home/tamburin/fiona/bacteremia/1.assemble_trimmed/filtered_assemblies/B09.fasta.sa, input_samples/S100.fq
    output: filtered_bam/S100.filtered.bam
    jobid: 0
    wildcards: sample=S100
    threads: 8
    resources: mem=32, time=6

Submitted job 0 with external jobid '1193595'.
Error in rule bwa_align:
    jobid: 0
    output: filtered_bam/S100.filtered.bam
    cluster_jobid: 1193595

Trying to restart job 0.

rule bwa_align:
    input: /home/tamburin/fiona/bacteremia/1.assemble_trimmed/filtered_assemblies/B09.fasta, /home/tamburin/fiona/bacteremia/1.assemble_trimmed/filtered_assemblies/B09.fasta.amb, /home/tamburin/fiona/bacteremia/1.assemble_trimmed/filtered_assemblies/B09.fasta.ann, /home/tamburin/fiona/bacteremia/1.assemble_trimmed/filtered_assemblies/B09.fasta.bwt, /home/tamburin/fiona/bacteremia/1.assemble_trimmed/filtered_assemblies/B09.fasta.pac, /home/tamburin/fiona/bacteremia/1.assemble_trimmed/filtered_assemblies/B09.fasta.sa, input_samples/S100.fq
    output: filtered_bam/S100.filtered.bam
    jobid: 0
    wildcards: sample=S100
    threads: 8
    resources: mem=32, time=6

Submitted job 0 with external jobid '1193596'.
Terminating processes on user request, this might take some time.
Will exit after finishing currently running jobs.
Complete log: /srv/gsfs0/projects/bhatt/fiona/bacteremia/strainsifter/.snakemake/log/2018-04-28T140839.398569.snakemake.log
